0 info it worked if it ends with ok
1 verbose cli [ 'node', '/usr/local/bin/npm', 'install', '-g', 'ios-sim' ]
2 info using npm@2.1.7
3 info using node@v0.10.33
4 silly cache add args [ 'ios-sim', null ]
5 verbose cache add spec ios-sim
6 silly cache add parsed spec { raw: 'ios-sim',
6 silly cache add   scope: null,
6 silly cache add   name: 'ios-sim',
6 silly cache add   rawSpec: '',
6 silly cache add   spec: '*',
6 silly cache add   type: 'range' }
7 verbose addNamed ios-sim@*
8 silly addNamed semver.valid null
9 silly addNamed semver.validRange *
10 silly addNameRange { name: 'ios-sim', range: '*', hasData: false }
11 silly mapToRegistry name ios-sim
12 silly mapToRegistry using default registry
13 silly mapToRegistry registry https://registry.npmjs.org/
14 silly mapToRegistry uri https://registry.npmjs.org/ios-sim
15 verbose addNameRange registry:https://registry.npmjs.org/ios-sim not in flight; fetching
16 verbose request uri https://registry.npmjs.org/ios-sim
17 verbose request no auth needed
18 info attempt registry request try #1 at 16:09:19
19 verbose request id a1ff1ebb88438db2
20 http request GET https://registry.npmjs.org/ios-sim
21 http 200 https://registry.npmjs.org/ios-sim
22 silly get cb [ 200,
22 silly get   { server: 'CouchDB/1.5.0 (Erlang OTP/R16B03)',
22 silly get     etag: '"7MK0V7NOZT35VUEO5ET8MSDNV"',
22 silly get     'content-type': 'application/json',
22 silly get     'cache-control': 'max-age=60',
22 silly get     'content-length': '24029',
22 silly get     'accept-ranges': 'bytes',
22 silly get     date: 'Mon, 07 Dec 2015 11:09:22 GMT',
22 silly get     via: '1.1 varnish',
22 silly get     age: '22',
22 silly get     connection: 'keep-alive',
22 silly get     'x-served-by': 'cache-fra1232-FRA',
22 silly get     'x-cache': 'HIT',
22 silly get     'x-cache-hits': '1',
22 silly get     'x-timer': 'S1449486562.955701,VS0,VE1',
22 silly get     vary: 'Accept' } ]
23 silly addNameRange number 2 { name: 'ios-sim', range: '*', hasData: true }
24 silly addNameRange versions [ 'ios-sim',
24 silly addNameRange   [ '1.8.0',
24 silly addNameRange     '1.8.1',
24 silly addNameRange     '1.8.2',
24 silly addNameRange     '1.9.0',
24 silly addNameRange     '2.0.0',
24 silly addNameRange     '2.0.1',
24 silly addNameRange     '3.0.0',
24 silly addNameRange     '3.1.0',
24 silly addNameRange     '3.1.1',
24 silly addNameRange     '4.1.0',
24 silly addNameRange     '4.1.1',
24 silly addNameRange     '3.2.0',
24 silly addNameRange     '5.0.0',
24 silly addNameRange     '5.0.1',
24 silly addNameRange     '5.0.2',
24 silly addNameRange     '5.0.3',
24 silly addNameRange     '5.0.4' ] ]
25 verbose addNamed ios-sim@5.0.4
26 silly addNamed semver.valid 5.0.4
27 silly addNamed semver.validRange 5.0.4
28 silly mapToRegistry name ios-sim
29 silly mapToRegistry using default registry
30 silly mapToRegistry registry https://registry.npmjs.org/
31 silly mapToRegistry uri https://registry.npmjs.org/ios-sim
32 verbose addRemoteTarball https://registry.npmjs.org/ios-sim/-/ios-sim-5.0.4.tgz not in flight; adding
33 verbose addRemoteTarball [ 'https://registry.npmjs.org/ios-sim/-/ios-sim-5.0.4.tgz',
33 verbose addRemoteTarball   'eb386822c9629bdb32e4e355dbb139f113dfe87c' ]
34 info retry fetch attempt 1 at 16:09:23
35 info attempt registry request try #1 at 16:09:23
36 http fetch GET https://registry.npmjs.org/ios-sim/-/ios-sim-5.0.4.tgz
37 http fetch 200 https://registry.npmjs.org/ios-sim/-/ios-sim-5.0.4.tgz
38 silly fetchAndShaCheck shasum eb386822c9629bdb32e4e355dbb139f113dfe87c
39 verbose addTmpTarball /var/folders/pt/0027vj792dq8bj_vvh5wyqgh0000gn/T/npm-4895-18e9a9b7/registry.npmjs.org/ios-sim/-/ios-sim-5.0.4.tgz not in flight; adding
40 verbose addTmpTarball already have metadata; skipping unpack for ios-sim@5.0.4
41 silly cache afterAdd ios-sim@5.0.4
42 verbose afterAdd /Users/pixelmac/.npm/ios-sim/5.0.4/package/package.json not in flight; writing
43 verbose afterAdd /Users/pixelmac/.npm/ios-sim/5.0.4/package/package.json written
44 silly install resolved [ { name: 'ios-sim',
44 silly install resolved     version: '5.0.4',
44 silly install resolved     preferGlobal: 'true',
44 silly install resolved     description: 'launch iOS apps into the iOS Simulator from the command line (Xcode 6.0+)',
44 silly install resolved     main: 'ios-sim.js',
44 silly install resolved     repository:
44 silly install resolved      { type: 'git',
44 silly install resolved        url: 'git+https://github.com/phonegap/ios-sim.git' },
44 silly install resolved     engines: { node: '>=0.10.0' },
44 silly install resolved     keywords: [ 'ios-sim', 'iOS Simulator' ],
44 silly install resolved     bin: { 'ios-sim': './bin/ios-sim' },
44 silly install resolved     bugs: { url: 'https://github.com/phonegap/ios-sim/issues' },
44 silly install resolved     author: { name: 'Shazron Abdullah' },
44 silly install resolved     license: 'MIT',
44 silly install resolved     dependencies: { simctl: '^0.0.6', nopt: '1.0.9', 'bplist-parser': '^0.0.6' },
44 silly install resolved     gitHead: '7621763b029661cf0b132dffee481be17f8f230f',
44 silly install resolved     homepage: 'https://github.com/phonegap/ios-sim#readme',
44 silly install resolved     _id: 'ios-sim@5.0.4',
44 silly install resolved     scripts: {},
44 silly install resolved     _shasum: 'eb386822c9629bdb32e4e355dbb139f113dfe87c',
44 silly install resolved     _from: 'ios-sim@*',
44 silly install resolved     _npmVersion: '2.14.7',
44 silly install resolved     _nodeVersion: '4.2.2',
44 silly install resolved     _npmUser: { name: 'shazron', email: 'shazron@gmail.com' },
44 silly install resolved     maintainers: [ [Object], [Object], [Object], [Object] ],
44 silly install resolved     dist:
44 silly install resolved      { shasum: 'eb386822c9629bdb32e4e355dbb139f113dfe87c',
44 silly install resolved        tarball: 'http://registry.npmjs.org/ios-sim/-/ios-sim-5.0.4.tgz' },
44 silly install resolved     directories: {},
44 silly install resolved     _resolved: 'https://registry.npmjs.org/ios-sim/-/ios-sim-5.0.4.tgz' } ]
45 info install ios-sim@5.0.4 into /usr/local/lib
46 info installOne ios-sim@5.0.4
47 verbose installOne of ios-sim to /usr/local/lib not in flight; installing
48 verbose lock using /Users/pixelmac/.npm/_locks/ios-sim-3bb56db538048d2f.lock for /usr/local/lib/node_modules/ios-sim
49 silly install write writing ios-sim 5.0.4 to /usr/local/lib/node_modules/ios-sim
50 silly cache addNamed cb ios-sim@5.0.4
51 verbose unbuild lib/node_modules/ios-sim
52 verbose gentlyRm vacuuming /usr/local/lib/node_modules/ios-sim
53 verbose tar unpack /Users/pixelmac/.npm/ios-sim/5.0.4/package.tgz
54 verbose tar unpacking to /usr/local/lib/node_modules/ios-sim
55 verbose gentlyRm vacuuming /usr/local/lib/node_modules/ios-sim
56 silly gunzTarPerm modes [ '755', '644' ]
57 error tar.unpack untar error /Users/pixelmac/.npm/ios-sim/5.0.4/package.tgz
58 verbose unlock done using /Users/pixelmac/.npm/_locks/ios-sim-3bb56db538048d2f.lock for /usr/local/lib/node_modules/ios-sim
59 verbose fstream_path /usr/local/lib/node_modules/ios-sim
60 verbose fstream_type Directory
61 verbose fstream_class DirWriter
62 verbose stack Error: EACCES, mkdir '/usr/local/lib/node_modules/ios-sim'
63 verbose fstream_stack /usr/local/lib/node_modules/npm/node_modules/fstream/lib/dir-writer.js:36:23
63 verbose fstream_stack /usr/local/lib/node_modules/npm/node_modules/mkdirp/index.js:46:53
63 verbose fstream_stack Object.oncomplete (fs.js:107:15)
64 verbose cwd /Users/pixelmac/Documents/AvivaClientApp
65 error Darwin 14.5.0
66 error argv "node" "/usr/local/bin/npm" "install" "-g" "ios-sim"
67 error node v0.10.33
68 error npm  v2.1.7
69 error path /usr/local/lib/node_modules/ios-sim
70 error code EACCES
71 error errno 3
72 error Error: EACCES, mkdir '/usr/local/lib/node_modules/ios-sim'
72 error  { [Error: EACCES, mkdir '/usr/local/lib/node_modules/ios-sim']
72 error   errno: 3,
72 error   code: 'EACCES',
72 error   path: '/usr/local/lib/node_modules/ios-sim',
72 error   fstream_type: 'Directory',
72 error   fstream_path: '/usr/local/lib/node_modules/ios-sim',
72 error   fstream_class: 'DirWriter',
72 error   fstream_stack:
72 error    [ '/usr/local/lib/node_modules/npm/node_modules/fstream/lib/dir-writer.js:36:23',
72 error      '/usr/local/lib/node_modules/npm/node_modules/mkdirp/index.js:46:53',
72 error      'Object.oncomplete (fs.js:107:15)' ] }
73 error Please try running this command again as root/Administrator.
74 verbose exit [ 3, true ]
75 verbose unbuild lib/node_modules/ios-sim
76 verbose gentlyRm vacuuming /usr/local/lib/node_modules/ios-sim
